<?xml version="1.0" encoding="UTF-8"?>
<testsuite name="Game Test"
           tests="2"
           failures="0"
           errors="0"
           skipped="0"
           time="1.870">
  <properties />
  
  
            <testcase name="verifyTheBonusesPageFunctionality" time="1.107" classname="com.canadiandollarbingo.testsuite.BonusesTest" />
                <testcase name="verifyThrobackThursdayTextOnPage" time="0.763" classname="com.canadiandollarbingo.testsuite.BonusesTest" />
      
</testsuite>
